<?xml version="1.0" encoding="UTF-8"?>
<!-- Generated by org.testng.reporters.JUnitReportReporter -->
<testsuite skipped="0" hostname="CO-IT005951" name="com.globant.WilsonAngelTestCasesDesignTestNG.DisableUser" tests="1" failures="0" timestamp="12 abr 2021 20:51:36 GMT" time="0.001" errors="0">
  <testcase name="disableUser" time="0.001" classname="com.globant.WilsonAngelTestCasesDesignTestNG.DisableUser"/>
</testsuite> <!-- com.globant.WilsonAngelTestCasesDesignTestNG.DisableUser -->
